Using pre-set license
Built from '2020.3/staging' branch; Version is '2020.3.3f1 (76626098c1c4) revision 7758432'; Using compiler version '192528614'; Build Type 'Release'
OS: 'Windows 10 Home; OS build 19042.928; Version 2009; 64bit' Language: 'es' Physical Memory: 16304 MB
BatchMode: 1, IsHumanControllingUs: 0, StartBugReporterOnCrash: 0, Is64bit: 1, IsPro: 0

 COMMAND LINE ARGUMENTS:
C:\Program Files\Unity\Hub\Editor\2020.3.3f1\Editor\Unity.exe
-adb2
-batchMode
-noUpm
-name
AssetImportWorker0
-projectPath
D:/GitRepos/GetaGamesTest
-logFile
Logs/AssetImportWorker0.log
-srvPort
50108
Successfully changed project path to: D:/GitRepos/GetaGamesTest
D:/GitRepos/GetaGamesTest
Using Asset Import Pipeline V2.
Refreshing native plugins compatible for Editor in 34.66 ms, found 0 plugins.
Preloading 0 native plugins for Editor in 0.00 ms.
Initialize engine version: 2020.3.3f1 (76626098c1c4)
[Subsystems] Discovering subsystems at path C:/Program Files/Unity/Hub/Editor/2020.3.3f1/Editor/Data/Resources/UnitySubsystems
[Subsystems] Discovering subsystems at path D:/GitRepos/GetaGamesTest/Assets
GfxDevice: creating device client; threaded=0
Direct3D:
    Version:  Direct3D 11.0 [level 11.1]
    Renderer: NVIDIA GeForce GTX 1060 3GB (ID=0x1c02)
    Vendor:   
    VRAM:     2988 MB
    Driver:   27.21.14.6172
Initialize mono
Mono path[0] = 'C:/Program Files/Unity/Hub/Editor/2020.3.3f1/Editor/Data/Managed'
Mono path[1] = 'C:/Program Files/Unity/Hub/Editor/2020.3.3f1/Editor/Data/MonoBleedingEdge/lib/mono/unityjit'
Mono config path = 'C:/Program Files/Unity/Hub/Editor/2020.3.3f1/Editor/Data/MonoBleedingEdge/etc'
Using monoOptions --debugger-agent=transport=dt_socket,embedding=1,server=y,suspend=n,address=127.0.0.1:56704
Begin MonoManager ReloadAssembly
Registering precompiled unity dll's ...
Register platform support module: C:/Program Files/Unity/Hub/Editor/2020.3.3f1/Editor/Data/PlaybackEngines/WindowsStandaloneSupport/UnityEditor.WindowsStandalone.Extensions.dll
Registered in 0.002629 seconds.
Native extension for WindowsStandalone target not found
Refreshing native plugins compatible for Editor in 36.26 ms, found 0 plugins.
Preloading 0 native plugins for Editor in 0.00 ms.
Invoked RoslynAnalysisRunner static constructor.
RoslynAnalysisRunner will not be running.
RoslynAnalysisRunner has terminated.
Mono: successfully reloaded assembly
- Completed reload, in  1.363 seconds
Platform modules already initialized, skipping
Registering precompiled user dll's ...
Registered in 0.000850 seconds.
Begin MonoManager ReloadAssembly
Native extension for WindowsStandalone target not found
Refreshing native plugins compatible for Editor in 0.24 ms, found 0 plugins.
Preloading 0 native plugins for Editor in 0.00 ms.
Invoked RoslynAnalysisRunner static constructor.
RoslynAnalysisRunner will not be running.
RoslynAnalysisRunner has terminated.
Mono: successfully reloaded assembly
- Completed reload, in  1.125 seconds
Platform modules already initialized, skipping
========================================================================
Worker process is ready to serve import requests
Launched and connected shader compiler UnityShaderCompiler.exe after 0.08 seconds
Refreshing native plugins compatible for Editor in 0.28 ms, found 0 plugins.
Preloading 0 native plugins for Editor in 0.00 ms.
Unloading 1245 Unused Serialized files (Serialized files now loaded: 0)
System memory in use before: 66.6 MB.
System memory in use after: 66.7 MB.

Unloading 8 unused Assets to reduce memory usage. Loaded Objects now: 1695.
Total: 1.732000 ms (FindLiveObjects: 0.146400 ms CreateObjectMapping: 0.048300 ms MarkObjects: 1.514300 ms  DeleteObjects: 0.022200 ms)

========================================================================
Received Import Request.
  path: Assets/GetaTest/Scenes/MainMenu.unity
  artifactKey: Guid(cdd307a64090f9d4aaa16847b52a835a) Importer(815301076,1909f56bfc062723c751e8b465ee728b)
Start importing Assets/GetaTest/Scenes/MainMenu.unity using Guid(cdd307a64090f9d4aaa16847b52a835a) Importer(815301076,1909f56bfc062723c751e8b465ee728b)  -> (artifact id: '44484bd9b9a1c9fb15f4cf4eace54220') in 0.017358 seconds
  Import took 0.043386 seconds .

========================================================================
Received Prepare
Registering precompiled user dll's ...
Registered in 0.000684 seconds.
Begin MonoManager ReloadAssembly
Native extension for WindowsStandalone target not found
Refreshing native plugins compatible for Editor in 0.23 ms, found 0 plugins.
Preloading 0 native plugins for Editor in 0.00 ms.
Invoked RoslynAnalysisRunner static constructor.
RoslynAnalysisRunner will not be running.
RoslynAnalysisRunner has terminated.
Mono: successfully reloaded assembly
- Completed reload, in  0.913 seconds
Platform modules already initialized, skipping
Refreshing native plugins compatible for Editor in 0.27 ms, found 0 plugins.
Preloading 0 native plugins for Editor in 0.00 ms.
Unloading 1211 Unused Serialized files (Serialized files now loaded: 0)
System memory in use before: 63.8 MB.
System memory in use after: 63.9 MB.

Unloading 4 unused Assets to reduce memory usage. Loaded Objects now: 1698.
Total: 2.197900 ms (FindLiveObjects: 0.163700 ms CreateObjectMapping: 0.123300 ms MarkObjects: 1.880700 ms  DeleteObjects: 0.029100 ms)

========================================================================
Received Prepare
Registering precompiled user dll's ...
Registered in 0.000696 seconds.
Begin MonoManager ReloadAssembly
Native extension for WindowsStandalone target not found
Refreshing native plugins compatible for Editor in 0.28 ms, found 0 plugins.
Preloading 0 native plugins for Editor in 0.00 ms.
Invoked RoslynAnalysisRunner static constructor.
RoslynAnalysisRunner will not be running.
RoslynAnalysisRunner has terminated.
Mono: successfully reloaded assembly
- Completed reload, in  0.791 seconds
Platform modules already initialized, skipping
Refreshing native plugins compatible for Editor in 0.26 ms, found 0 plugins.
Preloading 0 native plugins for Editor in 0.00 ms.
Unloading 1211 Unused Serialized files (Serialized files now loaded: 0)
System memory in use before: 63.8 MB.
System memory in use after: 63.9 MB.

Unloading 4 unused Assets to reduce memory usage. Loaded Objects now: 1701.
Total: 1.943600 ms (FindLiveObjects: 0.172900 ms CreateObjectMapping: 0.052600 ms MarkObjects: 1.689700 ms  DeleteObjects: 0.027300 ms)

========================================================================
Received Prepare
Registering precompiled user dll's ...
Registered in 0.001105 seconds.
Begin MonoManager ReloadAssembly
Native extension for WindowsStandalone target not found
Refreshing native plugins compatible for Editor in 0.25 ms, found 0 plugins.
Preloading 0 native plugins for Editor in 0.00 ms.
Invoked RoslynAnalysisRunner static constructor.
RoslynAnalysisRunner will not be running.
RoslynAnalysisRunner has terminated.
Mono: successfully reloaded assembly
- Completed reload, in  0.972 seconds
Platform modules already initialized, skipping
Refreshing native plugins compatible for Editor in 0.44 ms, found 0 plugins.
Preloading 0 native plugins for Editor in 0.00 ms.
Unloading 1211 Unused Serialized files (Serialized files now loaded: 0)
System memory in use before: 63.8 MB.
System memory in use after: 63.9 MB.

Unloading 4 unused Assets to reduce memory usage. Loaded Objects now: 1704.
Total: 1.934900 ms (FindLiveObjects: 0.156700 ms CreateObjectMapping: 0.035100 ms MarkObjects: 1.713200 ms  DeleteObjects: 0.028800 ms)

========================================================================
Received Import Request.
  Time since last request: 367.493729 seconds.
  path: Assets/GetaTest/Scenes/TrackScene.unity
  artifactKey: Guid(9fc0d4010bbf28b4594072e72b8655ab) Importer(815301076,1909f56bfc062723c751e8b465ee728b)
Start importing Assets/GetaTest/Scenes/TrackScene.unity using Guid(9fc0d4010bbf28b4594072e72b8655ab) Importer(815301076,1909f56bfc062723c751e8b465ee728b)  -> (artifact id: '22ee7b3171ae50dfbff7768007af82f2') in 0.017842 seconds
  Import took 0.029372 seconds .

========================================================================
Received Prepare
Registering precompiled user dll's ...
Registered in 0.000747 seconds.
Begin MonoManager ReloadAssembly
Native extension for WindowsStandalone target not found
Refreshing native plugins compatible for Editor in 0.27 ms, found 0 plugins.
Preloading 0 native plugins for Editor in 0.00 ms.
Invoked RoslynAnalysisRunner static constructor.
RoslynAnalysisRunner will not be running.
RoslynAnalysisRunner has terminated.
Mono: successfully reloaded assembly
- Completed reload, in  1.065 seconds
Platform modules already initialized, skipping
Refreshing native plugins compatible for Editor in 0.25 ms, found 0 plugins.
Preloading 0 native plugins for Editor in 0.00 ms.
Unloading 1211 Unused Serialized files (Serialized files now loaded: 0)
System memory in use before: 63.8 MB.
System memory in use after: 63.9 MB.

Unloading 4 unused Assets to reduce memory usage. Loaded Objects now: 1707.
Total: 2.543400 ms (FindLiveObjects: 0.238900 ms CreateObjectMapping: 0.112200 ms MarkObjects: 2.168900 ms  DeleteObjects: 0.021200 ms)

========================================================================
Received Import Request.
  Time since last request: 21.557747 seconds.
  path: Assets/GetaTest/Scenes/MainMenu.unity
  artifactKey: Guid(cdd307a64090f9d4aaa16847b52a835a) Importer(815301076,1909f56bfc062723c751e8b465ee728b)
Start importing Assets/GetaTest/Scenes/MainMenu.unity using Guid(cdd307a64090f9d4aaa16847b52a835a) Importer(815301076,1909f56bfc062723c751e8b465ee728b)  -> (artifact id: '2c2031f826b230c09d9c547e15f20d58') in 0.015116 seconds
  Import took 0.043511 seconds .

========================================================================
Received Import Request.
  Time since last request: 1.641829 seconds.
  path: Assets/GetaTest/Scenes/TrackScene.unity
  artifactKey: Guid(9fc0d4010bbf28b4594072e72b8655ab) Importer(815301076,1909f56bfc062723c751e8b465ee728b)
Start importing Assets/GetaTest/Scenes/TrackScene.unity using Guid(9fc0d4010bbf28b4594072e72b8655ab) Importer(815301076,1909f56bfc062723c751e8b465ee728b)  -> (artifact id: 'a249730a1e6fcd9c32ab3856588b39fd') in 0.004120 seconds
  Import took 0.014688 seconds .

========================================================================
Received Prepare
Registering precompiled user dll's ...
Registered in 0.000838 seconds.
Begin MonoManager ReloadAssembly
Native extension for WindowsStandalone target not found
Refreshing native plugins compatible for Editor in 0.24 ms, found 0 plugins.
Preloading 0 native plugins for Editor in 0.00 ms.
Invoked RoslynAnalysisRunner static constructor.
RoslynAnalysisRunner will not be running.
RoslynAnalysisRunner has terminated.
Mono: successfully reloaded assembly
- Completed reload, in  0.847 seconds
Platform modules already initialized, skipping
Refreshing native plugins compatible for Editor in 0.23 ms, found 0 plugins.
Preloading 0 native plugins for Editor in 0.00 ms.
Unloading 1211 Unused Serialized files (Serialized files now loaded: 0)
System memory in use before: 63.8 MB.
System memory in use after: 63.9 MB.

Unloading 4 unused Assets to reduce memory usage. Loaded Objects now: 1710.
Total: 1.544800 ms (FindLiveObjects: 0.150900 ms CreateObjectMapping: 0.037700 ms MarkObjects: 1.342100 ms  DeleteObjects: 0.013300 ms)

========================================================================
Received Import Request.
  Time since last request: 203.920010 seconds.
  path: Assets/GetaTest/Prefabs/UI
  artifactKey: Guid(ab172fa9ae69a1247be178419c9d2f17) Importer(815301076,1909f56bfc062723c751e8b465ee728b)
Start importing Assets/GetaTest/Prefabs/UI using Guid(ab172fa9ae69a1247be178419c9d2f17) Importer(815301076,1909f56bfc062723c751e8b465ee728b)  -> (artifact id: '2dd23fa01e8bfba90e7ce2471e740d26') in 0.009443 seconds
  Import took 0.012201 seconds .

========================================================================
Received Import Request.
  Time since last request: 5.392433 seconds.
  path: Assets/GetaTest/Prefabs/UI/LevelLoader.prefab
  artifactKey: Guid(7053b054747af174487f83cecc5718a3) Importer(815301076,1909f56bfc062723c751e8b465ee728b)
Start importing Assets/GetaTest/Prefabs/UI/LevelLoader.prefab using Guid(7053b054747af174487f83cecc5718a3) Importer(815301076,1909f56bfc062723c751e8b465ee728b)  -> (artifact id: '7861547baf239dc8c69f8bbbf8f2461e') in 0.122842 seconds
  Import took 0.140212 seconds .

========================================================================
Received Import Request.
  Time since last request: 72.719723 seconds.
  path: Assets/GetaTest/Scenes/MainMenu
  artifactKey: Guid(abfe1d57cd43d6f4d82b39a725d88736) Importer(815301076,1909f56bfc062723c751e8b465ee728b)
Start importing Assets/GetaTest/Scenes/MainMenu using Guid(abfe1d57cd43d6f4d82b39a725d88736) Importer(815301076,1909f56bfc062723c751e8b465ee728b)  -> (artifact id: '01a03e444722c835a74b35f9230c403e') in 0.019357 seconds
  Import took 0.044806 seconds .

========================================================================
Received Import Request.
  Time since last request: 1.420291 seconds.
  path: Assets/GetaTest/Scenes/MainMenu/LightingData.asset
  artifactKey: Guid(9c6aee6d35eba064a87374b35d48efbd) Importer(815301076,1909f56bfc062723c751e8b465ee728b)
Start importing Assets/GetaTest/Scenes/MainMenu/LightingData.asset using Guid(9c6aee6d35eba064a87374b35d48efbd) Importer(815301076,1909f56bfc062723c751e8b465ee728b)  -> (artifact id: '82b55e8ebe14810b430f9639b56693be') in 0.012452 seconds
  Import took 0.028783 seconds .

========================================================================
Received Import Request.
  Time since last request: 0.000219 seconds.
  path: Assets/GetaTest/Scenes/MainMenu/ReflectionProbe-0.exr
  artifactKey: Guid(0e08077d8f1ca3049a4d84ee87bc4c86) Importer(815301076,1909f56bfc062723c751e8b465ee728b)
Start importing Assets/GetaTest/Scenes/MainMenu/ReflectionProbe-0.exr using Guid(0e08077d8f1ca3049a4d84ee87bc4c86) Importer(815301076,1909f56bfc062723c751e8b465ee728b)  -> (artifact id: 'd67510359d12839cee4e593c688a790e') in 0.103244 seconds
  Import took 0.124164 seconds .

========================================================================
Received Import Request.
  Time since last request: 118.156180 seconds.
  path: Assets/GetaTest/Scripts/KartManager.cs
  artifactKey: Guid(bcf09487042c9394db1b8da63358378f) Importer(815301076,1909f56bfc062723c751e8b465ee728b)
Start importing Assets/GetaTest/Scripts/KartManager.cs using Guid(bcf09487042c9394db1b8da63358378f) Importer(815301076,1909f56bfc062723c751e8b465ee728b)  -> (artifact id: 'd261e0d523ebec39f41685d5d71fa2c1') in 0.026838 seconds
  Import took 0.030739 seconds .

========================================================================
Received Import Request.
  Time since last request: 701.343899 seconds.
  path: Assets/GetaTest/Scripts/KartManager.cs
  artifactKey: Guid(bcf09487042c9394db1b8da63358378f) Importer(815301076,1909f56bfc062723c751e8b465ee728b)
Start importing Assets/GetaTest/Scripts/KartManager.cs using Guid(bcf09487042c9394db1b8da63358378f) Importer(815301076,1909f56bfc062723c751e8b465ee728b)  -> (artifact id: '64218ec6e216d184a187650a5ae45d76') in 0.003404 seconds
  Import took 0.042864 seconds .

========================================================================
Received Import Request.
  Time since last request: 99.552376 seconds.
  path: Assets/GetaTest/Scripts/KartManager.cs
  artifactKey: Guid(bcf09487042c9394db1b8da63358378f) Importer(815301076,1909f56bfc062723c751e8b465ee728b)
Start importing Assets/GetaTest/Scripts/KartManager.cs using Guid(bcf09487042c9394db1b8da63358378f) Importer(815301076,1909f56bfc062723c751e8b465ee728b)  -> (artifact id: '1d6f8a1b640657973b7a6c0aaadf6a71') in 0.002435 seconds
  Import took 0.014188 seconds .

========================================================================
Received Import Request.
  Time since last request: 4.886228 seconds.
  path: Assets/GetaTest/Scripts/KartManager.cs
  artifactKey: Guid(bcf09487042c9394db1b8da63358378f) Importer(815301076,1909f56bfc062723c751e8b465ee728b)
Start importing Assets/GetaTest/Scripts/KartManager.cs using Guid(bcf09487042c9394db1b8da63358378f) Importer(815301076,1909f56bfc062723c751e8b465ee728b)  -> (artifact id: '815a73e9a46026f9846a20b51a6f8acd') in 0.003147 seconds
  Import took 0.026363 seconds .

========================================================================
Received Prepare
Registering precompiled user dll's ...
Registered in 0.000728 seconds.
Begin MonoManager ReloadAssembly
Native extension for WindowsStandalone target not found
Refreshing native plugins compatible for Editor in 0.26 ms, found 0 plugins.
Preloading 0 native plugins for Editor in 0.00 ms.
Invoked RoslynAnalysisRunner static constructor.
RoslynAnalysisRunner will not be running.
RoslynAnalysisRunner has terminated.
Mono: successfully reloaded assembly
- Completed reload, in  0.922 seconds
Platform modules already initialized, skipping
Refreshing native plugins compatible for Editor in 0.25 ms, found 0 plugins.
Preloading 0 native plugins for Editor in 0.00 ms.
Unloading 1211 Unused Serialized files (Serialized files now loaded: 0)
System memory in use before: 67.2 MB.
System memory in use after: 67.3 MB.

Unloading 6 unused Assets to reduce memory usage. Loaded Objects now: 1745.
Total: 2.202300 ms (FindLiveObjects: 0.303400 ms CreateObjectMapping: 0.084200 ms MarkObjects: 1.762200 ms  DeleteObjects: 0.051200 ms)

========================================================================
Received Prepare
Registering precompiled user dll's ...
Registered in 0.001030 seconds.
Begin MonoManager ReloadAssembly
Native extension for WindowsStandalone target not found
Refreshing native plugins compatible for Editor in 0.34 ms, found 0 plugins.
Preloading 0 native plugins for Editor in 0.00 ms.
Invoked RoslynAnalysisRunner static constructor.
RoslynAnalysisRunner will not be running.
RoslynAnalysisRunner has terminated.
Mono: successfully reloaded assembly
- Completed reload, in  0.989 seconds
Platform modules already initialized, skipping
Refreshing native plugins compatible for Editor in 0.34 ms, found 0 plugins.
Preloading 0 native plugins for Editor in 0.00 ms.
Unloading 1211 Unused Serialized files (Serialized files now loaded: 0)
System memory in use before: 67.2 MB.
System memory in use after: 67.3 MB.

Unloading 4 unused Assets to reduce memory usage. Loaded Objects now: 1748.
Total: 2.363200 ms (FindLiveObjects: 0.354500 ms CreateObjectMapping: 0.094700 ms MarkObjects: 1.893400 ms  DeleteObjects: 0.018900 ms)

========================================================================
Received Import Request.
  Time since last request: 116.516123 seconds.
  path: Assets/GetaTest/Scripts/KartManager.cs
  artifactKey: Guid(bcf09487042c9394db1b8da63358378f) Importer(815301076,1909f56bfc062723c751e8b465ee728b)
Start importing Assets/GetaTest/Scripts/KartManager.cs using Guid(bcf09487042c9394db1b8da63358378f) Importer(815301076,1909f56bfc062723c751e8b465ee728b)  -> (artifact id: '29a2a54cf337d3620d83b29f920c6d2b') in 0.005814 seconds
  Import took 0.014144 seconds .

========================================================================
Received Prepare
Registering precompiled user dll's ...
Registered in 0.000899 seconds.
Begin MonoManager ReloadAssembly
Native extension for WindowsStandalone target not found
Refreshing native plugins compatible for Editor in 0.23 ms, found 0 plugins.
Preloading 0 native plugins for Editor in 0.00 ms.
Invoked RoslynAnalysisRunner static constructor.
RoslynAnalysisRunner will not be running.
RoslynAnalysisRunner has terminated.
Mono: successfully reloaded assembly
- Completed reload, in  0.991 seconds
Platform modules already initialized, skipping
Refreshing native plugins compatible for Editor in 0.24 ms, found 0 plugins.
Preloading 0 native plugins for Editor in 0.00 ms.
Unloading 1211 Unused Serialized files (Serialized files now loaded: 0)
System memory in use before: 67.2 MB.
System memory in use after: 67.3 MB.

Unloading 4 unused Assets to reduce memory usage. Loaded Objects now: 1751.
Total: 2.108200 ms (FindLiveObjects: 0.188300 ms CreateObjectMapping: 0.036700 ms MarkObjects: 1.867100 ms  DeleteObjects: 0.015000 ms)

========================================================================
Received Prepare
Registering precompiled user dll's ...
Registered in 0.000800 seconds.
Begin MonoManager ReloadAssembly
Native extension for WindowsStandalone target not found
Refreshing native plugins compatible for Editor in 0.23 ms, found 0 plugins.
Preloading 0 native plugins for Editor in 0.00 ms.
Invoked RoslynAnalysisRunner static constructor.
RoslynAnalysisRunner will not be running.
RoslynAnalysisRunner has terminated.
Mono: successfully reloaded assembly
- Completed reload, in  0.848 seconds
Platform modules already initialized, skipping
Refreshing native plugins compatible for Editor in 0.26 ms, found 0 plugins.
Preloading 0 native plugins for Editor in 0.00 ms.
Unloading 1211 Unused Serialized files (Serialized files now loaded: 0)
System memory in use before: 67.2 MB.
System memory in use after: 67.3 MB.

Unloading 4 unused Assets to reduce memory usage. Loaded Objects now: 1754.
Total: 2.196300 ms (FindLiveObjects: 0.179200 ms CreateObjectMapping: 0.047800 ms MarkObjects: 1.936500 ms  DeleteObjects: 0.031700 ms)

========================================================================
Received Prepare
Registering precompiled user dll's ...
Registered in 0.000797 seconds.
Begin MonoManager ReloadAssembly
Native extension for WindowsStandalone target not found
Refreshing native plugins compatible for Editor in 0.42 ms, found 0 plugins.
Preloading 0 native plugins for Editor in 0.00 ms.
Invoked RoslynAnalysisRunner static constructor.
RoslynAnalysisRunner will not be running.
RoslynAnalysisRunner has terminated.
Mono: successfully reloaded assembly
- Completed reload, in  0.857 seconds
Platform modules already initialized, skipping
Refreshing native plugins compatible for Editor in 0.26 ms, found 0 plugins.
Preloading 0 native plugins for Editor in 0.00 ms.
Unloading 1211 Unused Serialized files (Serialized files now loaded: 0)
System memory in use before: 67.2 MB.
System memory in use after: 67.3 MB.

Unloading 4 unused Assets to reduce memory usage. Loaded Objects now: 1757.
Total: 2.524800 ms (FindLiveObjects: 0.198900 ms CreateObjectMapping: 0.110700 ms MarkObjects: 2.173800 ms  DeleteObjects: 0.040400 ms)

========================================================================
Received Prepare
Registering precompiled user dll's ...
Registered in 0.000762 seconds.
Begin MonoManager ReloadAssembly
Native extension for WindowsStandalone target not found
Refreshing native plugins compatible for Editor in 0.22 ms, found 0 plugins.
Preloading 0 native plugins for Editor in 0.00 ms.
Invoked RoslynAnalysisRunner static constructor.
RoslynAnalysisRunner will not be running.
RoslynAnalysisRunner has terminated.
Mono: successfully reloaded assembly
- Completed reload, in  0.835 seconds
Platform modules already initialized, skipping
Refreshing native plugins compatible for Editor in 0.26 ms, found 0 plugins.
Preloading 0 native plugins for Editor in 0.00 ms.
Unloading 1211 Unused Serialized files (Serialized files now loaded: 0)
System memory in use before: 67.2 MB.
System memory in use after: 67.3 MB.

Unloading 4 unused Assets to reduce memory usage. Loaded Objects now: 1760.
Total: 1.744000 ms (FindLiveObjects: 0.180000 ms CreateObjectMapping: 0.042200 ms MarkObjects: 1.491700 ms  DeleteObjects: 0.029100 ms)

========================================================================
Received Import Request.
  Time since last request: 1094.619823 seconds.
  path: Assets/GetaTest/Scripts/EndText.cs
  artifactKey: Guid(54b2fec81ff300c45813998d828bcef4) Importer(815301076,1909f56bfc062723c751e8b465ee728b)
Start importing Assets/GetaTest/Scripts/EndText.cs using Guid(54b2fec81ff300c45813998d828bcef4) Importer(815301076,1909f56bfc062723c751e8b465ee728b)  -> (artifact id: 'cc9364599bc9ce289aa80ab14032a614') in 0.010811 seconds
  Import took 0.013622 seconds .

========================================================================
Received Prepare
Registering precompiled user dll's ...
Registered in 0.000705 seconds.
Begin MonoManager ReloadAssembly
Native extension for WindowsStandalone target not found
Refreshing native plugins compatible for Editor in 0.23 ms, found 0 plugins.
Preloading 0 native plugins for Editor in 0.00 ms.
Invoked RoslynAnalysisRunner static constructor.
RoslynAnalysisRunner will not be running.
RoslynAnalysisRunner has terminated.
Mono: successfully reloaded assembly
- Completed reload, in  0.906 seconds
Platform modules already initialized, skipping
Refreshing native plugins compatible for Editor in 0.28 ms, found 0 plugins.
Preloading 0 native plugins for Editor in 0.00 ms.
Unloading 1212 Unused Serialized files (Serialized files now loaded: 0)
System memory in use before: 67.3 MB.
System memory in use after: 67.4 MB.

Unloading 4 unused Assets to reduce memory usage. Loaded Objects now: 1764.
Total: 1.508500 ms (FindLiveObjects: 0.163800 ms CreateObjectMapping: 0.032100 ms MarkObjects: 1.298300 ms  DeleteObjects: 0.013500 ms)

========================================================================
Received Import Request.
  Time since last request: 235.909640 seconds.
  path: Assets/GetaTest/Scripts/EndText.cs
  artifactKey: Guid(54b2fec81ff300c45813998d828bcef4) Importer(815301076,1909f56bfc062723c751e8b465ee728b)
Start importing Assets/GetaTest/Scripts/EndText.cs using Guid(54b2fec81ff300c45813998d828bcef4) Importer(815301076,1909f56bfc062723c751e8b465ee728b)  -> (artifact id: 'b7f91734afde921b9c0c0d61d947f2ef') in 0.008556 seconds
  Import took 0.012349 seconds .

========================================================================
Received Import Request.
  Time since last request: 18.839865 seconds.
  path: Assets/GetaTest/Scripts/EndText.cs
  artifactKey: Guid(54b2fec81ff300c45813998d828bcef4) Importer(815301076,1909f56bfc062723c751e8b465ee728b)
Start importing Assets/GetaTest/Scripts/EndText.cs using Guid(54b2fec81ff300c45813998d828bcef4) Importer(815301076,1909f56bfc062723c751e8b465ee728b)  -> (artifact id: '24c52a955f4937403cdb76a3aad7e20d') in 0.003203 seconds
  Import took 0.029044 seconds .

========================================================================
Received Prepare
Registering precompiled user dll's ...
Registered in 0.000696 seconds.
Begin MonoManager ReloadAssembly
Native extension for WindowsStandalone target not found
Refreshing native plugins compatible for Editor in 0.26 ms, found 0 plugins.
Preloading 0 native plugins for Editor in 0.00 ms.
Invoked RoslynAnalysisRunner static constructor.
RoslynAnalysisRunner will not be running.
RoslynAnalysisRunner has terminated.
Mono: successfully reloaded assembly
- Completed reload, in  0.860 seconds
Platform modules already initialized, skipping
Refreshing native plugins compatible for Editor in 0.30 ms, found 0 plugins.
Preloading 0 native plugins for Editor in 0.00 ms.
Unloading 1212 Unused Serialized files (Serialized files now loaded: 0)
System memory in use before: 67.3 MB.
System memory in use after: 67.4 MB.

Unloading 4 unused Assets to reduce memory usage. Loaded Objects now: 1767.
Total: 1.779600 ms (FindLiveObjects: 0.146500 ms CreateObjectMapping: 0.037300 ms MarkObjects: 1.565800 ms  DeleteObjects: 0.029100 ms)

========================================================================
Received Import Request.
  Time since last request: 24.461907 seconds.
  path: Assets/GetaTest/Scripts/EndText.cs
  artifactKey: Guid(54b2fec81ff300c45813998d828bcef4) Importer(815301076,1909f56bfc062723c751e8b465ee728b)
Start importing Assets/GetaTest/Scripts/EndText.cs using Guid(54b2fec81ff300c45813998d828bcef4) Importer(815301076,1909f56bfc062723c751e8b465ee728b)  -> (artifact id: '1f77a679d8082de7d981d1e8690a7c3c') in 0.004875 seconds
  Import took 0.018452 seconds .

========================================================================
Received Prepare
Registering precompiled user dll's ...
Registered in 0.000720 seconds.
Begin MonoManager ReloadAssembly
Native extension for WindowsStandalone target not found
Refreshing native plugins compatible for Editor in 0.27 ms, found 0 plugins.
Preloading 0 native plugins for Editor in 0.00 ms.
Invoked RoslynAnalysisRunner static constructor.
RoslynAnalysisRunner will not be running.
RoslynAnalysisRunner has terminated.
Mono: successfully reloaded assembly
- Completed reload, in  1.541 seconds
Platform modules already initialized, skipping
Refreshing native plugins compatible for Editor in 0.27 ms, found 0 plugins.
Preloading 0 native plugins for Editor in 0.00 ms.
Unloading 1212 Unused Serialized files (Serialized files now loaded: 0)
System memory in use before: 67.3 MB.
System memory in use after: 67.4 MB.

Unloading 4 unused Assets to reduce memory usage. Loaded Objects now: 1770.
Total: 1.651700 ms (FindLiveObjects: 0.268100 ms CreateObjectMapping: 0.044600 ms MarkObjects: 1.323900 ms  DeleteObjects: 0.013600 ms)

========================================================================
Received Prepare
Registering precompiled user dll's ...
Registered in 0.001371 seconds.
Begin MonoManager ReloadAssembly
Native extension for WindowsStandalone target not found
Refreshing native plugins compatible for Editor in 0.22 ms, found 0 plugins.
Preloading 0 native plugins for Editor in 0.00 ms.
Invoked RoslynAnalysisRunner static constructor.
RoslynAnalysisRunner will not be running.
RoslynAnalysisRunner has terminated.
Mono: successfully reloaded assembly
- Completed reload, in  0.868 seconds
Platform modules already initialized, skipping
Refreshing native plugins compatible for Editor in 0.30 ms, found 0 plugins.
Preloading 0 native plugins for Editor in 0.00 ms.
Unloading 1212 Unused Serialized files (Serialized files now loaded: 0)
System memory in use before: 67.3 MB.
System memory in use after: 67.4 MB.

Unloading 4 unused Assets to reduce memory usage. Loaded Objects now: 1773.
Total: 2.600600 ms (FindLiveObjects: 0.176500 ms CreateObjectMapping: 0.046800 ms MarkObjects: 2.360000 ms  DeleteObjects: 0.016200 ms)

========================================================================
Received Prepare
Registering precompiled user dll's ...
Registered in 0.001144 seconds.
Begin MonoManager ReloadAssembly
Native extension for WindowsStandalone target not found
Refreshing native plugins compatible for Editor in 0.27 ms, found 0 plugins.
Preloading 0 native plugins for Editor in 0.00 ms.
Invoked RoslynAnalysisRunner static constructor.
RoslynAnalysisRunner will not be running.
RoslynAnalysisRunner has terminated.
Mono: successfully reloaded assembly
- Completed reload, in  0.866 seconds
Platform modules already initialized, skipping
Refreshing native plugins compatible for Editor in 0.32 ms, found 0 plugins.
Preloading 0 native plugins for Editor in 0.00 ms.
Unloading 1212 Unused Serialized files (Serialized files now loaded: 0)
System memory in use before: 67.3 MB.
System memory in use after: 67.4 MB.

Unloading 4 unused Assets to reduce memory usage. Loaded Objects now: 1776.
Total: 1.803200 ms (FindLiveObjects: 0.144200 ms CreateObjectMapping: 0.037500 ms MarkObjects: 1.580700 ms  DeleteObjects: 0.040000 ms)

========================================================================
Received Prepare
Registering precompiled user dll's ...
Registered in 0.001184 seconds.
Begin MonoManager ReloadAssembly
Native extension for WindowsStandalone target not found
Refreshing native plugins compatible for Editor in 0.24 ms, found 0 plugins.
Preloading 0 native plugins for Editor in 0.00 ms.
Invoked RoslynAnalysisRunner static constructor.
RoslynAnalysisRunner will not be running.
RoslynAnalysisRunner has terminated.
Mono: successfully reloaded assembly
- Completed reload, in  0.789 seconds
Platform modules already initialized, skipping
Refreshing native plugins compatible for Editor in 0.28 ms, found 0 plugins.
Preloading 0 native plugins for Editor in 0.00 ms.
Unloading 1212 Unused Serialized files (Serialized files now loaded: 0)
System memory in use before: 67.3 MB.
System memory in use after: 67.4 MB.

Unloading 4 unused Assets to reduce memory usage. Loaded Objects now: 1779.
Total: 1.660200 ms (FindLiveObjects: 0.180200 ms CreateObjectMapping: 0.041900 ms MarkObjects: 1.421800 ms  DeleteObjects: 0.015300 ms)

========================================================================
Received Import Request.
  Time since last request: 453.527907 seconds.
  path: Assets/GetaTest/Scripts/GameManager.cs
  artifactKey: Guid(1669640fc7e84004d80a5acb6e649943) Importer(815301076,1909f56bfc062723c751e8b465ee728b)
Start importing Assets/GetaTest/Scripts/GameManager.cs using Guid(1669640fc7e84004d80a5acb6e649943) Importer(815301076,1909f56bfc062723c751e8b465ee728b)  -> (artifact id: '20e2ef6005d5b5c827c92c65972f4b7b') in 0.012855 seconds
  Import took 0.015919 seconds .

========================================================================
Received Import Request.
  Time since last request: 0.028406 seconds.
  path: Assets/GetaTest/Scripts/GameManager.cs
  artifactKey: Guid(1669640fc7e84004d80a5acb6e649943) Importer(815301076,1909f56bfc062723c751e8b465ee728b)
Start importing Assets/GetaTest/Scripts/GameManager.cs using Guid(1669640fc7e84004d80a5acb6e649943) Importer(815301076,1909f56bfc062723c751e8b465ee728b)  -> (artifact id: '20e2ef6005d5b5c827c92c65972f4b7b') in 0.002323 seconds
  Import took 0.004813 seconds .

========================================================================
Received Prepare
Registering precompiled user dll's ...
Registered in 0.000870 seconds.
Begin MonoManager ReloadAssembly
Native extension for WindowsStandalone target not found
Refreshing native plugins compatible for Editor in 0.33 ms, found 0 plugins.
Preloading 0 native plugins for Editor in 0.00 ms.
Invoked RoslynAnalysisRunner static constructor.
RoslynAnalysisRunner will not be running.
RoslynAnalysisRunner has terminated.
Mono: successfully reloaded assembly
- Completed reload, in  0.862 seconds
Platform modules already initialized, skipping
Refreshing native plugins compatible for Editor in 0.25 ms, found 0 plugins.
Preloading 0 native plugins for Editor in 0.00 ms.
Unloading 1212 Unused Serialized files (Serialized files now loaded: 0)
System memory in use before: 67.3 MB.
System memory in use after: 67.4 MB.

Unloading 4 unused Assets to reduce memory usage. Loaded Objects now: 1782.
Total: 1.935700 ms (FindLiveObjects: 0.141700 ms CreateObjectMapping: 0.041700 ms MarkObjects: 1.734100 ms  DeleteObjects: 0.016800 ms)

========================================================================
Received Prepare
Registering precompiled user dll's ...
Registered in 0.000695 seconds.
Begin MonoManager ReloadAssembly
Native extension for WindowsStandalone target not found
Refreshing native plugins compatible for Editor in 0.23 ms, found 0 plugins.
Preloading 0 native plugins for Editor in 0.00 ms.
Invoked RoslynAnalysisRunner static constructor.
RoslynAnalysisRunner will not be running.
RoslynAnalysisRunner has terminated.
Mono: successfully reloaded assembly
- Completed reload, in  0.857 seconds
Platform modules already initialized, skipping
Refreshing native plugins compatible for Editor in 0.25 ms, found 0 plugins.
Preloading 0 native plugins for Editor in 0.00 ms.
Unloading 1212 Unused Serialized files (Serialized files now loaded: 0)
System memory in use before: 67.3 MB.
System memory in use after: 67.4 MB.

Unloading 4 unused Assets to reduce memory usage. Loaded Objects now: 1785.
Total: 2.039700 ms (FindLiveObjects: 0.172200 ms CreateObjectMapping: 0.038700 ms MarkObjects: 1.812500 ms  DeleteObjects: 0.015000 ms)

========================================================================
Received Import Request.
  Time since last request: 131.512727 seconds.
  path: Assets/GetaTest/Scripts/ResetCarreras.cs
  artifactKey: Guid(5c7aff4828ae7134b9d6adead0dc9a21) Importer(815301076,1909f56bfc062723c751e8b465ee728b)
Start importing Assets/GetaTest/Scripts/ResetCarreras.cs using Guid(5c7aff4828ae7134b9d6adead0dc9a21) Importer(815301076,1909f56bfc062723c751e8b465ee728b)  -> (artifact id: 'fa63dc8771b2287706834e99d5e3aacb') in 0.011013 seconds
  Import took 0.025331 seconds .

========================================================================
Received Prepare
Registering precompiled user dll's ...
Registered in 0.000914 seconds.
Begin MonoManager ReloadAssembly
Native extension for WindowsStandalone target not found
Refreshing native plugins compatible for Editor in 0.23 ms, found 0 plugins.
Preloading 0 native plugins for Editor in 0.00 ms.
Invoked RoslynAnalysisRunner static constructor.
RoslynAnalysisRunner will not be running.
RoslynAnalysisRunner has terminated.
Mono: successfully reloaded assembly
- Completed reload, in  0.864 seconds
Platform modules already initialized, skipping
Refreshing native plugins compatible for Editor in 0.24 ms, found 0 plugins.
Preloading 0 native plugins for Editor in 0.00 ms.
Unloading 1213 Unused Serialized files (Serialized files now loaded: 0)
System memory in use before: 67.3 MB.
System memory in use after: 67.4 MB.

Unloading 4 unused Assets to reduce memory usage. Loaded Objects now: 1789.
Total: 1.889400 ms (FindLiveObjects: 0.212400 ms CreateObjectMapping: 0.046700 ms MarkObjects: 1.614300 ms  DeleteObjects: 0.015200 ms)

========================================================================
Received Prepare
Registering precompiled user dll's ...
Registered in 0.000854 seconds.
Begin MonoManager ReloadAssembly
Native extension for WindowsStandalone target not found
Refreshing native plugins compatible for Editor in 0.27 ms, found 0 plugins.
Preloading 0 native plugins for Editor in 0.00 ms.
Invoked RoslynAnalysisRunner static constructor.
RoslynAnalysisRunner will not be running.
RoslynAnalysisRunner has terminated.
Mono: successfully reloaded assembly
- Completed reload, in  0.855 seconds
Platform modules already initialized, skipping
Refreshing native plugins compatible for Editor in 0.24 ms, found 0 plugins.
Preloading 0 native plugins for Editor in 0.00 ms.
Unloading 1213 Unused Serialized files (Serialized files now loaded: 0)
System memory in use before: 67.3 MB.
System memory in use after: 67.4 MB.

Unloading 4 unused Assets to reduce memory usage. Loaded Objects now: 1792.
Total: 1.754700 ms (FindLiveObjects: 0.155800 ms CreateObjectMapping: 0.043200 ms MarkObjects: 1.522400 ms  DeleteObjects: 0.032200 ms)

========================================================================
Received Import Request.
  Time since last request: 47.204767 seconds.
  path: Assets/GetaTest/Scripts/ResetCarreras.cs
  artifactKey: Guid(5c7aff4828ae7134b9d6adead0dc9a21) Importer(815301076,1909f56bfc062723c751e8b465ee728b)
Start importing Assets/GetaTest/Scripts/ResetCarreras.cs using Guid(5c7aff4828ae7134b9d6adead0dc9a21) Importer(815301076,1909f56bfc062723c751e8b465ee728b)  -> (artifact id: 'da89cac6e9773295734d2b4e009ea37c') in 0.004813 seconds
  Import took 0.027598 seconds .

========================================================================
Received Import Request.
  Time since last request: 6.120196 seconds.
  path: Assets/GetaTest/Scenes/MainMenu.unity
  artifactKey: Guid(cdd307a64090f9d4aaa16847b52a835a) Importer(815301076,1909f56bfc062723c751e8b465ee728b)
Start importing Assets/GetaTest/Scenes/MainMenu.unity using Guid(cdd307a64090f9d4aaa16847b52a835a) Importer(815301076,1909f56bfc062723c751e8b465ee728b)  -> (artifact id: '5a5e68f52c5b5cc494990a47272fecf0') in 0.014542 seconds
  Import took 0.026624 seconds .

========================================================================
Received Prepare
Registering precompiled user dll's ...
Registered in 0.001084 seconds.
Begin MonoManager ReloadAssembly
Native extension for WindowsStandalone target not found
Refreshing native plugins compatible for Editor in 0.33 ms, found 0 plugins.
Preloading 0 native plugins for Editor in 0.00 ms.
Invoked RoslynAnalysisRunner static constructor.
RoslynAnalysisRunner will not be running.
RoslynAnalysisRunner has terminated.
Mono: successfully reloaded assembly
- Completed reload, in  0.902 seconds
Platform modules already initialized, skipping
Refreshing native plugins compatible for Editor in 0.28 ms, found 0 plugins.
Preloading 0 native plugins for Editor in 0.00 ms.
Unloading 1213 Unused Serialized files (Serialized files now loaded: 0)
System memory in use before: 67.3 MB.
System memory in use after: 67.4 MB.

Unloading 4 unused Assets to reduce memory usage. Loaded Objects now: 1795.
Total: 1.809100 ms (FindLiveObjects: 0.211000 ms CreateObjectMapping: 0.043400 ms MarkObjects: 1.510000 ms  DeleteObjects: 0.044000 ms)

AssetImportWorkerClient::OnTransportError - code=2 error=End of file
